2024-06-21 00:03:29,836 - root - INFO - driver - main - creating spark session
2024-06-21 00:03:29,836 - Create_spark - INFO - create_spark - get_spark - started creating spark object
2024-06-21 00:03:37,949 - Create_spark - INFO - create_spark - get_spark - created spark session
2024-06-21 00:03:37,949 - root - INFO - driver - main - spark session has been created successfully
2024-06-21 00:03:37,949 - root - INFO - driver - main - trying to read source dataframe for cutomers
2024-06-21 00:03:37,949 - root - INFO - driver - main - trying to get schema for customer
2024-06-21 00:03:37,950 - Utils - INFO - utils - get_schema_from_json_file - trying to get schema for C:\Users\saura\Desktop\pyspark_check\properties\source_file_schema\customers_schema\schema_customers.json
2024-06-21 00:03:40,450 - Utils - INFO - utils - get_schema_from_json_file - schema has been created forC:\Users\saura\Desktop\pyspark_check\properties\source_file_schema\customers_schema\schema_customers.json
2024-06-21 00:03:40,450 - Utils - INFO - utils - get_source_dataframe - trying to create dataframe forC:\Users\saura\Desktop\pyspark_check\landing_zone\customers\customers.json
2024-06-21 00:03:40,489 - Utils - INFO - utils - get_source_dataframe - dataframe has been created for C:\Users\saura\Desktop\pyspark_check\landing_zone\customers\customers.json
2024-06-21 00:03:40,489 - Utils - INFO - utils - get_source_dataframe - dropping null records if any for C:\Users\saura\Desktop\pyspark_check\landing_zone\customers\customers.json
2024-06-21 00:03:40,509 - Utils - INFO - utils - get_source_dataframe - dropping null records if any has been completed for C:\Users\saura\Desktop\pyspark_check\landing_zone\customers\customers.json
2024-06-21 00:03:40,509 - Utils - INFO - utils - get_schema_from_json_file - trying to get schema for C:\Users\saura\Desktop\pyspark_check\properties\source_file_schema\promotions_schema\schema_promotions.json
2024-06-21 00:03:40,590 - Utils - INFO - utils - get_schema_from_json_file - schema has been created forC:\Users\saura\Desktop\pyspark_check\properties\source_file_schema\promotions_schema\schema_promotions.json
2024-06-21 00:03:40,590 - Utils - INFO - utils - get_source_dataframe - trying to create dataframe forC:\Users\saura\Desktop\pyspark_check\landing_zone\promotions\
2024-06-21 00:03:40,615 - Utils - INFO - utils - get_source_dataframe - dataframe has been created for C:\Users\saura\Desktop\pyspark_check\landing_zone\promotions\
2024-06-21 00:03:40,615 - Utils - INFO - utils - get_source_dataframe - dropping null records if any for C:\Users\saura\Desktop\pyspark_check\landing_zone\promotions\
2024-06-21 00:03:40,623 - Utils - INFO - utils - get_source_dataframe - dropping null records if any has been completed for C:\Users\saura\Desktop\pyspark_check\landing_zone\promotions\
2024-06-21 00:03:40,664 - Utils - INFO - utils - get_schema_from_json_file - trying to get schema for C:\Users\saura\Desktop\pyspark_check\properties\source_file_schema\products_schema\schema_products.json
2024-06-21 00:03:40,729 - Utils - INFO - utils - get_schema_from_json_file - schema has been created forC:\Users\saura\Desktop\pyspark_check\properties\source_file_schema\products_schema\schema_products.json
2024-06-21 00:03:40,730 - Utils - INFO - utils - get_source_dataframe - trying to create dataframe forC:\Users\saura\Desktop\pyspark_check\landing_zone\products\
2024-06-21 00:03:40,777 - Utils - INFO - utils - get_source_dataframe - dataframe has been created for C:\Users\saura\Desktop\pyspark_check\landing_zone\products\
2024-06-21 00:03:40,777 - Utils - INFO - utils - get_source_dataframe - dropping null records if any for C:\Users\saura\Desktop\pyspark_check\landing_zone\products\
2024-06-21 00:03:40,788 - Utils - INFO - utils - get_source_dataframe - dropping null records if any has been completed for C:\Users\saura\Desktop\pyspark_check\landing_zone\products\
2024-06-21 00:03:40,788 - Utils - INFO - utils - get_schema_from_json_file - trying to get schema for C:\Users\saura\Desktop\pyspark_check\properties\source_file_schema\transactions_schema\schema_transactions.json
2024-06-21 00:03:40,852 - Utils - INFO - utils - get_schema_from_json_file - schema has been created forC:\Users\saura\Desktop\pyspark_check\properties\source_file_schema\transactions_schema\schema_transactions.json
2024-06-21 00:03:40,852 - Utils - INFO - utils - get_source_dataframe - trying to create dataframe forC:\Users\saura\Desktop\pyspark_check\landing_zone\transactions\transactions.json
2024-06-21 00:03:40,871 - Utils - INFO - utils - get_source_dataframe - dataframe has been created for C:\Users\saura\Desktop\pyspark_check\landing_zone\transactions\transactions.json
2024-06-21 00:03:40,871 - Utils - INFO - utils - get_source_dataframe - dropping null records if any for C:\Users\saura\Desktop\pyspark_check\landing_zone\transactions\transactions.json
2024-06-21 00:03:40,878 - Utils - INFO - utils - get_source_dataframe - dropping null records if any has been completed for C:\Users\saura\Desktop\pyspark_check\landing_zone\transactions\transactions.json
2024-06-21 00:03:40,905 - Utils - INFO - utils - get_schema_from_json_file - trying to get schema for C:\Users\saura\Desktop\pyspark_check\properties\source_file_schema\return_products_schema\schema_return_products.json
2024-06-21 00:03:40,985 - Utils - INFO - utils - get_schema_from_json_file - schema has been created forC:\Users\saura\Desktop\pyspark_check\properties\source_file_schema\return_products_schema\schema_return_products.json
2024-06-21 00:03:40,986 - Utils - INFO - utils - get_source_dataframe - trying to create dataframe forC:\Users\saura\Desktop\pyspark_check\landing_zone\return_products\return_products.json
2024-06-21 00:03:41,006 - Utils - INFO - utils - get_source_dataframe - dataframe has been created for C:\Users\saura\Desktop\pyspark_check\landing_zone\return_products\return_products.json
2024-06-21 00:03:41,006 - Utils - INFO - utils - get_source_dataframe - dropping null records if any for C:\Users\saura\Desktop\pyspark_check\landing_zone\return_products\return_products.json
2024-06-21 00:03:41,013 - Utils - INFO - utils - get_source_dataframe - dropping null records if any has been completed for C:\Users\saura\Desktop\pyspark_check\landing_zone\return_products\return_products.json
2024-06-21 00:03:42,585 - Data_transformations - INFO - data_transformations - get_final_transactions - Started calculating the final transactions dataframe
2024-06-21 00:03:42,888 - root - INFO - driver - main - printing transactions_customers_products_promos_prices_returns_df dataframe
2024-06-21 00:03:43,508 - root - INFO - driver - main - showing sales_agg_by_transactions_df
2024-06-21 00:03:44,501 - root - INFO - driver - main - showing tax_agg_by_transactions_df
2024-06-21 00:03:45,010 - root - INFO - driver - main - showing sales_tax_agg_by_day
2024-06-21 00:03:45,693 - root - INFO - driver - main - showing amount_by_customer_df
2024-06-21 00:03:46,239 - root - INFO - driver - main - showing sales_tax_by_products_df
2024-06-21 00:03:46,582 - Data_transformations - INFO - data_transformations - get_common_product_set - Started calculating common sets of products that appear together
2024-06-21 00:03:46,622 - root - INFO - driver - main - printing product_list_df dataframe
2024-06-21 00:03:47,031 - root - INFO - driver - main - showing sales_by_tax_brackets
2024-06-21 00:03:47,422 - root - INFO - driver - main - showing sales_by_promotions_membership_level
2024-06-21 00:03:47,793 - root - INFO - driver - main - showing segmenting_on_expenditure_df
2024-06-21 00:03:48,201 - root - INFO - driver - main - showing segmenting_on_habits_df
2024-06-21 00:03:48,581 - root - INFO - driver - main - showing sales_tax_by_geographic_df
2024-06-21 00:03:48,912 - root - INFO - driver - main - trying to write df
