2024-06-20 23:34:38,975 - root - INFO - driver - main - creating spark session
2024-06-20 23:34:38,976 - Create_spark - INFO - create_spark - get_spark - started creating spark object
2024-06-20 23:34:47,840 - Create_spark - INFO - create_spark - get_spark - created spark session
2024-06-20 23:34:47,840 - root - INFO - driver - main - spark session has been created successfully
2024-06-20 23:34:47,840 - root - INFO - driver - main - trying to read source dataframe for cutomers
2024-06-20 23:34:47,840 - root - INFO - driver - main - trying to get schema for customer
2024-06-20 23:34:47,840 - Utils - INFO - utils - get_schema_from_json_file - trying to get schema for C:\Users\saura\Desktop\pyspark_check\properties\source_file_schema\customers_schema\schema_customers.json
2024-06-20 23:34:50,924 - Utils - INFO - utils - get_schema_from_json_file - schema has been created forC:\Users\saura\Desktop\pyspark_check\properties\source_file_schema\customers_schema\schema_customers.json
2024-06-20 23:34:50,924 - Utils - INFO - utils - get_source_dataframe - trying to create dataframe forC:\Users\saura\Desktop\pyspark_check\landing_zone\customers\customers.json
2024-06-20 23:34:50,963 - Utils - INFO - utils - get_source_dataframe - dataframe has been created for C:\Users\saura\Desktop\pyspark_check\landing_zone\customers\customers.json
2024-06-20 23:34:50,963 - Utils - INFO - utils - get_source_dataframe - dropping null records if any for C:\Users\saura\Desktop\pyspark_check\landing_zone\customers\customers.json
2024-06-20 23:34:50,982 - Utils - INFO - utils - get_source_dataframe - dropping null records if any has been completed for C:\Users\saura\Desktop\pyspark_check\landing_zone\customers\customers.json
2024-06-20 23:34:50,982 - Utils - INFO - utils - get_schema_from_json_file - trying to get schema for C:\Users\saura\Desktop\pyspark_check\properties\source_file_schema\promotions_schema\schema_promotions.json
2024-06-20 23:34:51,066 - Utils - INFO - utils - get_schema_from_json_file - schema has been created forC:\Users\saura\Desktop\pyspark_check\properties\source_file_schema\promotions_schema\schema_promotions.json
2024-06-20 23:34:51,066 - Utils - INFO - utils - get_source_dataframe - trying to create dataframe forC:\Users\saura\Desktop\pyspark_check\landing_zone\promotions\
2024-06-20 23:34:51,097 - Utils - INFO - utils - get_source_dataframe - dataframe has been created for C:\Users\saura\Desktop\pyspark_check\landing_zone\promotions\
2024-06-20 23:34:51,097 - Utils - INFO - utils - get_source_dataframe - dropping null records if any for C:\Users\saura\Desktop\pyspark_check\landing_zone\promotions\
2024-06-20 23:34:51,105 - Utils - INFO - utils - get_source_dataframe - dropping null records if any has been completed for C:\Users\saura\Desktop\pyspark_check\landing_zone\promotions\
2024-06-20 23:34:51,153 - Utils - INFO - utils - get_schema_from_json_file - trying to get schema for C:\Users\saura\Desktop\pyspark_check\properties\source_file_schema\products_schema\schema_products.json
2024-06-20 23:34:51,234 - Utils - INFO - utils - get_schema_from_json_file - schema has been created forC:\Users\saura\Desktop\pyspark_check\properties\source_file_schema\products_schema\schema_products.json
2024-06-20 23:34:51,234 - Utils - INFO - utils - get_source_dataframe - trying to create dataframe forC:\Users\saura\Desktop\pyspark_check\landing_zone\products\
2024-06-20 23:34:51,281 - Utils - INFO - utils - get_source_dataframe - dataframe has been created for C:\Users\saura\Desktop\pyspark_check\landing_zone\products\
2024-06-20 23:34:51,281 - Utils - INFO - utils - get_source_dataframe - dropping null records if any for C:\Users\saura\Desktop\pyspark_check\landing_zone\products\
2024-06-20 23:34:51,291 - Utils - INFO - utils - get_source_dataframe - dropping null records if any has been completed for C:\Users\saura\Desktop\pyspark_check\landing_zone\products\
2024-06-20 23:34:51,291 - Utils - INFO - utils - get_schema_from_json_file - trying to get schema for C:\Users\saura\Desktop\pyspark_check\properties\source_file_schema\transactions_schema\schema_transactions.json
2024-06-20 23:34:51,381 - Utils - INFO - utils - get_schema_from_json_file - schema has been created forC:\Users\saura\Desktop\pyspark_check\properties\source_file_schema\transactions_schema\schema_transactions.json
2024-06-20 23:34:51,382 - Utils - INFO - utils - get_source_dataframe - trying to create dataframe forC:\Users\saura\Desktop\pyspark_check\landing_zone\transactions\transactions.json
2024-06-20 23:34:51,406 - Utils - INFO - utils - get_source_dataframe - dataframe has been created for C:\Users\saura\Desktop\pyspark_check\landing_zone\transactions\transactions.json
2024-06-20 23:34:51,406 - Utils - INFO - utils - get_source_dataframe - dropping null records if any for C:\Users\saura\Desktop\pyspark_check\landing_zone\transactions\transactions.json
2024-06-20 23:34:51,415 - Utils - INFO - utils - get_source_dataframe - dropping null records if any has been completed for C:\Users\saura\Desktop\pyspark_check\landing_zone\transactions\transactions.json
2024-06-20 23:34:51,443 - Utils - INFO - utils - get_schema_from_json_file - trying to get schema for C:\Users\saura\Desktop\pyspark_check\properties\source_file_schema\return_products_schema\schema_return_products.json
2024-06-20 23:34:51,526 - Utils - INFO - utils - get_schema_from_json_file - schema has been created forC:\Users\saura\Desktop\pyspark_check\properties\source_file_schema\return_products_schema\schema_return_products.json
2024-06-20 23:34:51,527 - Utils - INFO - utils - get_source_dataframe - trying to create dataframe forC:\Users\saura\Desktop\pyspark_check\landing_zone\return_products\return_products.json
2024-06-20 23:34:51,544 - Utils - INFO - utils - get_source_dataframe - dataframe has been created for C:\Users\saura\Desktop\pyspark_check\landing_zone\return_products\return_products.json
2024-06-20 23:34:51,544 - Utils - INFO - utils - get_source_dataframe - dropping null records if any for C:\Users\saura\Desktop\pyspark_check\landing_zone\return_products\return_products.json
2024-06-20 23:34:51,550 - Utils - INFO - utils - get_source_dataframe - dropping null records if any has been completed for C:\Users\saura\Desktop\pyspark_check\landing_zone\return_products\return_products.json
2024-06-20 23:34:53,221 - Data_transformations - INFO - data_transformations - get_final_transactions - Started calculating the final transactions dataframe
2024-06-20 23:34:53,535 - root - INFO - driver - main - printing transactions_customers_products_promos_prices_returns_df dataframe
2024-06-20 23:34:54,183 - root - INFO - driver - main - showing sales_agg_by_transactions_df
2024-06-20 23:34:55,118 - root - INFO - driver - main - showing tax_agg_by_transactions_df
2024-06-20 23:34:55,610 - root - INFO - driver - main - showing sales_tax_agg_by_day
2024-06-20 23:34:56,088 - root - INFO - driver - main - showing amount_by_customer_df
2024-06-20 23:34:56,537 - root - INFO - driver - main - showing sales_tax_by_products_df
2024-06-20 23:34:56,858 - Data_transformations - INFO - data_transformations - get_common_product_set - Started calculating common sets of products that appear together
2024-06-20 23:34:56,898 - root - INFO - driver - main - printing product_list_df dataframe
2024-06-20 23:34:57,261 - root - INFO - driver - main - showing sales_by_tax_brackets
2024-06-20 23:34:57,586 - root - INFO - driver - main - showing sales_by_promotions_membership_level
2024-06-20 23:34:58,012 - root - INFO - driver - main - showing segmenting_on_expenditure_df
2024-06-20 23:34:58,375 - root - INFO - driver - main - showing segmenting_on_habits_df
2024-06-20 23:34:58,805 - root - INFO - driver - main - showing sales_tax_by_geographic_df
