2024-06-20 17:55:00,222 - root - INFO - driver - main - creating spark session
2024-06-20 17:55:00,222 - Create_spark - INFO - create_spark - get_spark - started creating spark object
2024-06-20 17:55:08,350 - Create_spark - INFO - create_spark - get_spark - created spark session
2024-06-20 17:55:08,350 - root - INFO - driver - main - spark session has been created successfully
2024-06-20 17:55:08,350 - root - INFO - driver - main - trying to read source dataframe for cutomers
2024-06-20 17:55:08,350 - root - INFO - driver - main - trying to get schema for customer
2024-06-20 17:55:08,351 - Utils - INFO - utils - get_schema_from_json_file - trying to get schema for C:\Users\saura\Desktop\pyspark_check\properties\source_file_schema\customers_schema\schema_customers.json
2024-06-20 17:55:10,794 - Utils - INFO - utils - get_schema_from_json_file - schema has been created forC:\Users\saura\Desktop\pyspark_check\properties\source_file_schema\customers_schema\schema_customers.json
2024-06-20 17:55:10,795 - Utils - INFO - utils - get_source_dataframe - trying to create dataframe forC:\Users\saura\Desktop\pyspark_check\landing_zone\customers\customers.json
2024-06-20 17:55:10,829 - Utils - INFO - utils - get_source_dataframe - dataframe has been created for C:\Users\saura\Desktop\pyspark_check\landing_zone\customers\customers.json
2024-06-20 17:55:10,829 - Utils - INFO - utils - get_source_dataframe - dropping null records if any for C:\Users\saura\Desktop\pyspark_check\landing_zone\customers\customers.json
2024-06-20 17:55:10,851 - Utils - INFO - utils - get_source_dataframe - dropping null records if any has been completed for C:\Users\saura\Desktop\pyspark_check\landing_zone\customers\customers.json
2024-06-20 17:55:10,851 - Utils - INFO - utils - get_schema_from_json_file - trying to get schema for C:\Users\saura\Desktop\pyspark_check\properties\source_file_schema\promotions_schema\schema_promotions.json
2024-06-20 17:55:10,931 - Utils - INFO - utils - get_schema_from_json_file - schema has been created forC:\Users\saura\Desktop\pyspark_check\properties\source_file_schema\promotions_schema\schema_promotions.json
2024-06-20 17:55:10,931 - Utils - INFO - utils - get_source_dataframe - trying to create dataframe forC:\Users\saura\Desktop\pyspark_check\landing_zone\promotions\
2024-06-20 17:55:10,958 - Utils - INFO - utils - get_source_dataframe - dataframe has been created for C:\Users\saura\Desktop\pyspark_check\landing_zone\promotions\
2024-06-20 17:55:10,958 - Utils - INFO - utils - get_source_dataframe - dropping null records if any for C:\Users\saura\Desktop\pyspark_check\landing_zone\promotions\
2024-06-20 17:55:10,965 - Utils - INFO - utils - get_source_dataframe - dropping null records if any has been completed for C:\Users\saura\Desktop\pyspark_check\landing_zone\promotions\
2024-06-20 17:55:11,007 - Utils - INFO - utils - get_schema_from_json_file - trying to get schema for C:\Users\saura\Desktop\pyspark_check\properties\source_file_schema\products_schema\schema_products.json
2024-06-20 17:55:11,072 - Utils - INFO - utils - get_schema_from_json_file - schema has been created forC:\Users\saura\Desktop\pyspark_check\properties\source_file_schema\products_schema\schema_products.json
2024-06-20 17:55:11,072 - Utils - INFO - utils - get_source_dataframe - trying to create dataframe forC:\Users\saura\Desktop\pyspark_check\landing_zone\products\
2024-06-20 17:55:11,119 - Utils - INFO - utils - get_source_dataframe - dataframe has been created for C:\Users\saura\Desktop\pyspark_check\landing_zone\products\
2024-06-20 17:55:11,119 - Utils - INFO - utils - get_source_dataframe - dropping null records if any for C:\Users\saura\Desktop\pyspark_check\landing_zone\products\
2024-06-20 17:55:11,130 - Utils - INFO - utils - get_source_dataframe - dropping null records if any has been completed for C:\Users\saura\Desktop\pyspark_check\landing_zone\products\
2024-06-20 17:55:11,130 - Utils - INFO - utils - get_schema_from_json_file - trying to get schema for C:\Users\saura\Desktop\pyspark_check\properties\source_file_schema\transactions_schema\schema_transactions.json
2024-06-20 17:55:11,197 - Utils - INFO - utils - get_schema_from_json_file - schema has been created forC:\Users\saura\Desktop\pyspark_check\properties\source_file_schema\transactions_schema\schema_transactions.json
2024-06-20 17:55:11,198 - Utils - INFO - utils - get_source_dataframe - trying to create dataframe forC:\Users\saura\Desktop\pyspark_check\landing_zone\transactions\transactions.json
2024-06-20 17:55:11,217 - Utils - INFO - utils - get_source_dataframe - dataframe has been created for C:\Users\saura\Desktop\pyspark_check\landing_zone\transactions\transactions.json
2024-06-20 17:55:11,217 - Utils - INFO - utils - get_source_dataframe - dropping null records if any for C:\Users\saura\Desktop\pyspark_check\landing_zone\transactions\transactions.json
2024-06-20 17:55:11,225 - Utils - INFO - utils - get_source_dataframe - dropping null records if any has been completed for C:\Users\saura\Desktop\pyspark_check\landing_zone\transactions\transactions.json
2024-06-20 17:55:11,245 - Utils - INFO - utils - get_schema_from_json_file - trying to get schema for C:\Users\saura\Desktop\pyspark_check\properties\source_file_schema\return_products_schema\schema_return_products.json
2024-06-20 17:55:11,321 - Utils - INFO - utils - get_schema_from_json_file - schema has been created forC:\Users\saura\Desktop\pyspark_check\properties\source_file_schema\return_products_schema\schema_return_products.json
2024-06-20 17:55:11,321 - Utils - INFO - utils - get_source_dataframe - trying to create dataframe forC:\Users\saura\Desktop\pyspark_check\landing_zone\return_products\return_products.json
2024-06-20 17:55:11,338 - Utils - INFO - utils - get_source_dataframe - dataframe has been created for C:\Users\saura\Desktop\pyspark_check\landing_zone\return_products\return_products.json
2024-06-20 17:55:11,339 - Utils - INFO - utils - get_source_dataframe - dropping null records if any for C:\Users\saura\Desktop\pyspark_check\landing_zone\return_products\return_products.json
2024-06-20 17:55:11,345 - Utils - INFO - utils - get_source_dataframe - dropping null records if any has been completed for C:\Users\saura\Desktop\pyspark_check\landing_zone\return_products\return_products.json
2024-06-20 17:55:12,901 - Data_transformations - INFO - data_transformations - get_common_product_set - Started calculating common sets of products that appear together
2024-06-20 17:55:13,009 - root - INFO - driver - main - printing product_list_df dataframe
2024-06-20 17:55:13,781 - Data_transformations - INFO - data_transformations - get_final_transactions - Started calculating the final transactions dataframe
2024-06-20 17:55:13,989 - root - INFO - driver - main - printing transactions_customers_products_promos_prices_returns_df dataframe
2024-06-20 17:55:14,516 - root - INFO - driver - main - showing sales_agg_by_transactions_df
2024-06-20 17:55:15,092 - root - INFO - driver - main - showing tax_agg_by_transactions_df
2024-06-20 17:55:15,549 - root - INFO - driver - main - showing sales_tax_agg_by_day
2024-06-20 17:55:15,989 - root - INFO - driver - main - showing amount_by_customer_df
2024-06-20 17:55:16,427 - root - INFO - driver - main - showing sales_tax_by_products_df
2024-06-20 17:55:16,783 - root - INFO - driver - main - showing sales_by_tax_brackets
2024-06-20 17:55:17,156 - root - INFO - driver - main - showing sales_by_promotions_membership_level
2024-06-20 17:55:17,468 - root - INFO - driver - main - showing segmenting_on_expenditure_df
