2024-06-21 00:13:02,154 - root - INFO - driver - main - creating spark session
2024-06-21 00:13:02,154 - Create_spark - INFO - create_spark - get_spark - started creating spark object
2024-06-21 00:13:10,175 - Create_spark - INFO - create_spark - get_spark - created spark session
2024-06-21 00:13:10,175 - root - INFO - driver - main - spark session has been created successfully
2024-06-21 00:13:10,175 - root - INFO - driver - main - trying to read source dataframe for cutomers
2024-06-21 00:13:10,175 - root - INFO - driver - main - trying to get schema for customer
2024-06-21 00:13:10,175 - Utils - INFO - utils - get_schema_from_json_file - trying to get schema for C:\Users\saura\Desktop\pyspark_check\properties\source_file_schema\customers_schema\schema_customers.json
2024-06-21 00:13:12,685 - Utils - INFO - utils - get_schema_from_json_file - schema has been created forC:\Users\saura\Desktop\pyspark_check\properties\source_file_schema\customers_schema\schema_customers.json
2024-06-21 00:13:12,685 - Utils - INFO - utils - get_source_dataframe - trying to create dataframe forC:\Users\saura\Desktop\pyspark_check\landing_zone\customers\customers.json
2024-06-21 00:13:12,722 - Utils - INFO - utils - get_source_dataframe - dataframe has been created for C:\Users\saura\Desktop\pyspark_check\landing_zone\customers\customers.json
2024-06-21 00:13:12,722 - Utils - INFO - utils - get_source_dataframe - dropping null records if any for C:\Users\saura\Desktop\pyspark_check\landing_zone\customers\customers.json
2024-06-21 00:13:12,745 - Utils - INFO - utils - get_source_dataframe - dropping null records if any has been completed for C:\Users\saura\Desktop\pyspark_check\landing_zone\customers\customers.json
2024-06-21 00:13:12,745 - Utils - INFO - utils - get_schema_from_json_file - trying to get schema for C:\Users\saura\Desktop\pyspark_check\properties\source_file_schema\promotions_schema\schema_promotions.json
2024-06-21 00:13:12,829 - Utils - INFO - utils - get_schema_from_json_file - schema has been created forC:\Users\saura\Desktop\pyspark_check\properties\source_file_schema\promotions_schema\schema_promotions.json
2024-06-21 00:13:12,829 - Utils - INFO - utils - get_source_dataframe - trying to create dataframe forC:\Users\saura\Desktop\pyspark_check\landing_zone\promotions\
2024-06-21 00:13:12,856 - Utils - INFO - utils - get_source_dataframe - dataframe has been created for C:\Users\saura\Desktop\pyspark_check\landing_zone\promotions\
2024-06-21 00:13:12,856 - Utils - INFO - utils - get_source_dataframe - dropping null records if any for C:\Users\saura\Desktop\pyspark_check\landing_zone\promotions\
2024-06-21 00:13:12,866 - Utils - INFO - utils - get_source_dataframe - dropping null records if any has been completed for C:\Users\saura\Desktop\pyspark_check\landing_zone\promotions\
2024-06-21 00:13:12,910 - Utils - INFO - utils - get_schema_from_json_file - trying to get schema for C:\Users\saura\Desktop\pyspark_check\properties\source_file_schema\products_schema\schema_products.json
2024-06-21 00:13:12,980 - Utils - INFO - utils - get_schema_from_json_file - schema has been created forC:\Users\saura\Desktop\pyspark_check\properties\source_file_schema\products_schema\schema_products.json
2024-06-21 00:13:12,980 - Utils - INFO - utils - get_source_dataframe - trying to create dataframe forC:\Users\saura\Desktop\pyspark_check\landing_zone\products\
2024-06-21 00:13:13,031 - Utils - INFO - utils - get_source_dataframe - dataframe has been created for C:\Users\saura\Desktop\pyspark_check\landing_zone\products\
2024-06-21 00:13:13,032 - Utils - INFO - utils - get_source_dataframe - dropping null records if any for C:\Users\saura\Desktop\pyspark_check\landing_zone\products\
2024-06-21 00:13:13,041 - Utils - INFO - utils - get_source_dataframe - dropping null records if any has been completed for C:\Users\saura\Desktop\pyspark_check\landing_zone\products\
2024-06-21 00:13:13,041 - Utils - INFO - utils - get_schema_from_json_file - trying to get schema for C:\Users\saura\Desktop\pyspark_check\properties\source_file_schema\transactions_schema\schema_transactions.json
2024-06-21 00:13:13,104 - Utils - INFO - utils - get_schema_from_json_file - schema has been created forC:\Users\saura\Desktop\pyspark_check\properties\source_file_schema\transactions_schema\schema_transactions.json
2024-06-21 00:13:13,104 - Utils - INFO - utils - get_source_dataframe - trying to create dataframe forC:\Users\saura\Desktop\pyspark_check\landing_zone\transactions\transactions.json
2024-06-21 00:13:13,121 - Utils - INFO - utils - get_source_dataframe - dataframe has been created for C:\Users\saura\Desktop\pyspark_check\landing_zone\transactions\transactions.json
2024-06-21 00:13:13,121 - Utils - INFO - utils - get_source_dataframe - dropping null records if any for C:\Users\saura\Desktop\pyspark_check\landing_zone\transactions\transactions.json
2024-06-21 00:13:13,128 - Utils - INFO - utils - get_source_dataframe - dropping null records if any has been completed for C:\Users\saura\Desktop\pyspark_check\landing_zone\transactions\transactions.json
2024-06-21 00:13:13,147 - Utils - INFO - utils - get_schema_from_json_file - trying to get schema for C:\Users\saura\Desktop\pyspark_check\properties\source_file_schema\return_products_schema\schema_return_products.json
2024-06-21 00:13:13,229 - Utils - INFO - utils - get_schema_from_json_file - schema has been created forC:\Users\saura\Desktop\pyspark_check\properties\source_file_schema\return_products_schema\schema_return_products.json
2024-06-21 00:13:13,229 - Utils - INFO - utils - get_source_dataframe - trying to create dataframe forC:\Users\saura\Desktop\pyspark_check\landing_zone\return_products\return_products.json
2024-06-21 00:13:13,247 - Utils - INFO - utils - get_source_dataframe - dataframe has been created for C:\Users\saura\Desktop\pyspark_check\landing_zone\return_products\return_products.json
2024-06-21 00:13:13,247 - Utils - INFO - utils - get_source_dataframe - dropping null records if any for C:\Users\saura\Desktop\pyspark_check\landing_zone\return_products\return_products.json
2024-06-21 00:13:13,254 - Utils - INFO - utils - get_source_dataframe - dropping null records if any has been completed for C:\Users\saura\Desktop\pyspark_check\landing_zone\return_products\return_products.json
2024-06-21 00:13:14,843 - Data_transformations - INFO - data_transformations - get_final_transactions - Started calculating the final transactions dataframe
2024-06-21 00:13:15,188 - root - INFO - driver - main - printing transactions_customers_products_promos_prices_returns_df dataframe
2024-06-21 00:13:15,797 - root - INFO - driver - main - showing sales_agg_by_transactions_df
2024-06-21 00:13:16,746 - root - INFO - driver - main - showing tax_agg_by_transactions_df
2024-06-21 00:13:17,295 - root - INFO - driver - main - showing sales_tax_agg_by_day
2024-06-21 00:13:17,829 - root - INFO - driver - main - showing amount_by_customer_df
2024-06-21 00:13:18,294 - root - INFO - driver - main - showing sales_tax_by_products_df
2024-06-21 00:13:18,680 - Data_transformations - INFO - data_transformations - get_common_product_set - Started calculating common sets of products that appear together
2024-06-21 00:13:18,728 - root - INFO - driver - main - printing product_list_df dataframe
2024-06-21 00:13:19,122 - root - INFO - driver - main - showing sales_by_tax_brackets
2024-06-21 00:13:19,486 - root - INFO - driver - main - showing sales_by_promotions_membership_level
2024-06-21 00:13:19,908 - root - INFO - driver - main - showing segmenting_on_expenditure_df
2024-06-21 00:13:20,327 - root - INFO - driver - main - showing segmenting_on_habits_df
2024-06-21 00:13:20,699 - root - INFO - driver - main - showing sales_tax_by_geographic_df
2024-06-21 00:13:21,055 - root - INFO - driver - main - trying to write df
