2024-06-21 00:14:08,751 - root - INFO - driver - main - creating spark session
2024-06-21 00:14:08,751 - Create_spark - INFO - create_spark - get_spark - started creating spark object
2024-06-21 00:14:16,760 - Create_spark - INFO - create_spark - get_spark - created spark session
2024-06-21 00:14:16,760 - root - INFO - driver - main - spark session has been created successfully
2024-06-21 00:14:16,760 - root - INFO - driver - main - trying to read source dataframe for cutomers
2024-06-21 00:14:16,760 - root - INFO - driver - main - trying to get schema for customer
2024-06-21 00:14:16,761 - Utils - INFO - utils - get_schema_from_json_file - trying to get schema for C:\Users\saura\Desktop\pyspark_check\properties\source_file_schema\customers_schema\schema_customers.json
2024-06-21 00:14:19,416 - Utils - INFO - utils - get_schema_from_json_file - schema has been created forC:\Users\saura\Desktop\pyspark_check\properties\source_file_schema\customers_schema\schema_customers.json
2024-06-21 00:14:19,416 - Utils - INFO - utils - get_source_dataframe - trying to create dataframe forC:\Users\saura\Desktop\pyspark_check\landing_zone\customers\customers.json
2024-06-21 00:14:19,458 - Utils - INFO - utils - get_source_dataframe - dataframe has been created for C:\Users\saura\Desktop\pyspark_check\landing_zone\customers\customers.json
2024-06-21 00:14:19,458 - Utils - INFO - utils - get_source_dataframe - dropping null records if any for C:\Users\saura\Desktop\pyspark_check\landing_zone\customers\customers.json
2024-06-21 00:14:19,480 - Utils - INFO - utils - get_source_dataframe - dropping null records if any has been completed for C:\Users\saura\Desktop\pyspark_check\landing_zone\customers\customers.json
2024-06-21 00:14:19,480 - Utils - INFO - utils - get_schema_from_json_file - trying to get schema for C:\Users\saura\Desktop\pyspark_check\properties\source_file_schema\promotions_schema\schema_promotions.json
2024-06-21 00:14:19,563 - Utils - INFO - utils - get_schema_from_json_file - schema has been created forC:\Users\saura\Desktop\pyspark_check\properties\source_file_schema\promotions_schema\schema_promotions.json
2024-06-21 00:14:19,563 - Utils - INFO - utils - get_source_dataframe - trying to create dataframe forC:\Users\saura\Desktop\pyspark_check\landing_zone\promotions\
2024-06-21 00:14:19,590 - Utils - INFO - utils - get_source_dataframe - dataframe has been created for C:\Users\saura\Desktop\pyspark_check\landing_zone\promotions\
2024-06-21 00:14:19,590 - Utils - INFO - utils - get_source_dataframe - dropping null records if any for C:\Users\saura\Desktop\pyspark_check\landing_zone\promotions\
2024-06-21 00:14:19,599 - Utils - INFO - utils - get_source_dataframe - dropping null records if any has been completed for C:\Users\saura\Desktop\pyspark_check\landing_zone\promotions\
2024-06-21 00:14:19,640 - Utils - INFO - utils - get_schema_from_json_file - trying to get schema for C:\Users\saura\Desktop\pyspark_check\properties\source_file_schema\products_schema\schema_products.json
2024-06-21 00:14:19,704 - Utils - INFO - utils - get_schema_from_json_file - schema has been created forC:\Users\saura\Desktop\pyspark_check\properties\source_file_schema\products_schema\schema_products.json
2024-06-21 00:14:19,704 - Utils - INFO - utils - get_source_dataframe - trying to create dataframe forC:\Users\saura\Desktop\pyspark_check\landing_zone\products\
2024-06-21 00:14:19,752 - Utils - INFO - utils - get_source_dataframe - dataframe has been created for C:\Users\saura\Desktop\pyspark_check\landing_zone\products\
2024-06-21 00:14:19,753 - Utils - INFO - utils - get_source_dataframe - dropping null records if any for C:\Users\saura\Desktop\pyspark_check\landing_zone\products\
2024-06-21 00:14:19,764 - Utils - INFO - utils - get_source_dataframe - dropping null records if any has been completed for C:\Users\saura\Desktop\pyspark_check\landing_zone\products\
2024-06-21 00:14:19,764 - Utils - INFO - utils - get_schema_from_json_file - trying to get schema for C:\Users\saura\Desktop\pyspark_check\properties\source_file_schema\transactions_schema\schema_transactions.json
2024-06-21 00:14:19,844 - Utils - INFO - utils - get_schema_from_json_file - schema has been created forC:\Users\saura\Desktop\pyspark_check\properties\source_file_schema\transactions_schema\schema_transactions.json
2024-06-21 00:14:19,844 - Utils - INFO - utils - get_source_dataframe - trying to create dataframe forC:\Users\saura\Desktop\pyspark_check\landing_zone\transactions\transactions.json
2024-06-21 00:14:19,862 - Utils - INFO - utils - get_source_dataframe - dataframe has been created for C:\Users\saura\Desktop\pyspark_check\landing_zone\transactions\transactions.json
2024-06-21 00:14:19,862 - Utils - INFO - utils - get_source_dataframe - dropping null records if any for C:\Users\saura\Desktop\pyspark_check\landing_zone\transactions\transactions.json
2024-06-21 00:14:19,869 - Utils - INFO - utils - get_source_dataframe - dropping null records if any has been completed for C:\Users\saura\Desktop\pyspark_check\landing_zone\transactions\transactions.json
2024-06-21 00:14:19,891 - Utils - INFO - utils - get_schema_from_json_file - trying to get schema for C:\Users\saura\Desktop\pyspark_check\properties\source_file_schema\return_products_schema\schema_return_products.json
2024-06-21 00:14:19,952 - Utils - INFO - utils - get_schema_from_json_file - schema has been created forC:\Users\saura\Desktop\pyspark_check\properties\source_file_schema\return_products_schema\schema_return_products.json
2024-06-21 00:14:19,953 - Utils - INFO - utils - get_source_dataframe - trying to create dataframe forC:\Users\saura\Desktop\pyspark_check\landing_zone\return_products\return_products.json
2024-06-21 00:14:19,969 - Utils - INFO - utils - get_source_dataframe - dataframe has been created for C:\Users\saura\Desktop\pyspark_check\landing_zone\return_products\return_products.json
2024-06-21 00:14:19,969 - Utils - INFO - utils - get_source_dataframe - dropping null records if any for C:\Users\saura\Desktop\pyspark_check\landing_zone\return_products\return_products.json
2024-06-21 00:14:19,975 - Utils - INFO - utils - get_source_dataframe - dropping null records if any has been completed for C:\Users\saura\Desktop\pyspark_check\landing_zone\return_products\return_products.json
2024-06-21 00:14:21,665 - Data_transformations - INFO - data_transformations - get_final_transactions - Started calculating the final transactions dataframe
2024-06-21 00:14:21,958 - root - INFO - driver - main - printing transactions_customers_products_promos_prices_returns_df dataframe
2024-06-21 00:14:22,577 - root - INFO - driver - main - showing sales_agg_by_transactions_df
2024-06-21 00:14:23,532 - root - INFO - driver - main - showing tax_agg_by_transactions_df
2024-06-21 00:14:24,081 - root - INFO - driver - main - showing sales_tax_agg_by_day
2024-06-21 00:14:24,583 - root - INFO - driver - main - showing amount_by_customer_df
2024-06-21 00:14:25,073 - root - INFO - driver - main - showing sales_tax_by_products_df
2024-06-21 00:14:25,436 - Data_transformations - INFO - data_transformations - get_common_product_set - Started calculating common sets of products that appear together
2024-06-21 00:14:25,483 - root - INFO - driver - main - printing product_list_df dataframe
2024-06-21 00:14:25,870 - root - INFO - driver - main - showing sales_by_tax_brackets
2024-06-21 00:14:26,234 - root - INFO - driver - main - showing sales_by_promotions_membership_level
2024-06-21 00:14:26,665 - root - INFO - driver - main - showing segmenting_on_expenditure_df
2024-06-21 00:14:27,061 - root - INFO - driver - main - showing segmenting_on_habits_df
2024-06-21 00:14:27,452 - root - INFO - driver - main - showing sales_tax_by_geographic_df
2024-06-21 00:14:27,794 - root - INFO - driver - main - trying to write df
